<?xml version="1.0" encoding="UTF-8"?>
<testng-results skipped="0" failed="0" ignored="0" total="8" passed="8">
  <reporter-output>
  </reporter-output>
  <suite name="Default suite" duration-ms="1500" started-at="2022-11-16T17:44:10 IST" finished-at="2022-11-16T17:44:12 IST">
    <groups>
      <group name="cucumber">
        <method signature="AbstractTestNGCucumberTests.runScenario(io.cucumber.testng.PickleWrapper,io.cucumber.testng.FeatureWrapper)[pri:0, instance:Testrunner.TestRun@12fc6eb]" name="runScenario" class="io.cucumber.testng.AbstractTestNGCucumberTests"/>
      </group> <!-- cucumber -->
    </groups>
    <test name="Default test" duration-ms="1500" started-at="2022-11-16T17:44:10 IST" finished-at="2022-11-16T17:44:12 IST">
      <class name="Testrunner.TestRun">
        <test-method status="PASS" signature="setUpClass()[pri:0, instance:Testrunner.TestRun@12fc6eb]" name="setUpClass" is-config="true" duration-ms="819" started-at="2022-11-16T17:44:10 IST" finished-at="2022-11-16T17:44:11 IST">
          <reporter-output>
          </reporter-output>
        </test-method> <!-- setUpClass -->
        <test-method status="PASS" signature="runScenario(io.cucumber.testng.PickleWrapper,io.cucumber.testng.FeatureWrapper)[pri:0, instance:Testrunner.TestRun@12fc6eb]" name="runScenario" duration-ms="259" started-at="2022-11-16T17:44:11 IST" description="Runs Cucumber Scenarios" data-provider="scenarios" finished-at="2022-11-16T17:44:12 IST">
          <params>
            <param index="0">
              <value>
                <![CDATA["Book Flight with Oneway flight option"]]>
              </value>
            </param>
            <param index="1">
              <value>
                <![CDATA["Optional[Flight Booking]"]]>
              </value>
            </param>
          </params>
          <reporter-output>
          </reporter-output>
        </test-method> <!-- runScenario -->
        <test-method status="PASS" signature="runScenario(io.cucumber.testng.PickleWrapper,io.cucumber.testng.FeatureWrapper)[pri:0, instance:Testrunner.TestRun@12fc6eb]" name="runScenario" duration-ms="30" started-at="2022-11-16T17:44:12 IST" description="Runs Cucumber Scenarios" data-provider="scenarios" finished-at="2022-11-16T17:44:12 IST">
          <params>
            <param index="0">
              <value>
                <![CDATA["Book flight with different Origin/Destination city"]]>
              </value>
            </param>
            <param index="1">
              <value>
                <![CDATA["Optional[Flight Booking]"]]>
              </value>
            </param>
          </params>
          <reporter-output>
          </reporter-output>
        </test-method> <!-- runScenario -->
        <test-method status="PASS" signature="runScenario(io.cucumber.testng.PickleWrapper,io.cucumber.testng.FeatureWrapper)[pri:0, instance:Testrunner.TestRun@12fc6eb]" name="runScenario" duration-ms="17" started-at="2022-11-16T17:44:12 IST" description="Runs Cucumber Scenarios" data-provider="scenarios" finished-at="2022-11-16T17:44:12 IST">
          <params>
            <param index="0">
              <value>
                <![CDATA["Book flight with different Origin/Destination city"]]>
              </value>
            </param>
            <param index="1">
              <value>
                <![CDATA["Optional[Flight Booking]"]]>
              </value>
            </param>
          </params>
          <reporter-output>
          </reporter-output>
        </test-method> <!-- runScenario -->
        <test-method status="PASS" signature="runScenario(io.cucumber.testng.PickleWrapper,io.cucumber.testng.FeatureWrapper)[pri:0, instance:Testrunner.TestRun@12fc6eb]" name="runScenario" duration-ms="22" started-at="2022-11-16T17:44:12 IST" description="Runs Cucumber Scenarios" data-provider="scenarios" finished-at="2022-11-16T17:44:12 IST">
          <params>
            <param index="0">
              <value>
                <![CDATA["Book flight with different Origin/Destination city"]]>
              </value>
            </param>
            <param index="1">
              <value>
                <![CDATA["Optional[Flight Booking]"]]>
              </value>
            </param>
          </params>
          <reporter-output>
          </reporter-output>
        </test-method> <!-- runScenario -->
        <test-method status="PASS" signature="runScenario(io.cucumber.testng.PickleWrapper,io.cucumber.testng.FeatureWrapper)[pri:0, instance:Testrunner.TestRun@12fc6eb]" name="runScenario" duration-ms="19" started-at="2022-11-16T17:44:12 IST" description="Runs Cucumber Scenarios" data-provider="scenarios" finished-at="2022-11-16T17:44:12 IST">
          <params>
            <param index="0">
              <value>
                <![CDATA["Book flight with same Origin/Destination city"]]>
              </value>
            </param>
            <param index="1">
              <value>
                <![CDATA["Optional[Flight Booking]"]]>
              </value>
            </param>
          </params>
          <reporter-output>
          </reporter-output>
        </test-method> <!-- runScenario -->
        <test-method status="PASS" signature="runScenario(io.cucumber.testng.PickleWrapper,io.cucumber.testng.FeatureWrapper)[pri:0, instance:Testrunner.TestRun@12fc6eb]" name="runScenario" duration-ms="18" started-at="2022-11-16T17:44:12 IST" description="Runs Cucumber Scenarios" data-provider="scenarios" finished-at="2022-11-16T17:44:12 IST">
          <params>
            <param index="0">
              <value>
                <![CDATA["Book flight with 1 Adult, 1 Children and 1 Infant"]]>
              </value>
            </param>
            <param index="1">
              <value>
                <![CDATA["Optional[Flight Booking]"]]>
              </value>
            </param>
          </params>
          <reporter-output>
          </reporter-output>
        </test-method> <!-- runScenario -->
        <test-method status="PASS" signature="runScenario(io.cucumber.testng.PickleWrapper,io.cucumber.testng.FeatureWrapper)[pri:0, instance:Testrunner.TestRun@12fc6eb]" name="runScenario" duration-ms="12" started-at="2022-11-16T17:44:12 IST" description="Runs Cucumber Scenarios" data-provider="scenarios" finished-at="2022-11-16T17:44:12 IST">
          <params>
            <param index="0">
              <value>
                <![CDATA["Book flight with 1 Adult, 1 Children and 2 Infant"]]>
              </value>
            </param>
            <param index="1">
              <value>
                <![CDATA["Optional[Flight Booking]"]]>
              </value>
            </param>
          </params>
          <reporter-output>
          </reporter-output>
        </test-method> <!-- runScenario -->
        <test-method status="PASS" signature="runScenario(io.cucumber.testng.PickleWrapper,io.cucumber.testng.FeatureWrapper)[pri:0, instance:Testrunner.TestRun@12fc6eb]" name="runScenario" duration-ms="14" started-at="2022-11-16T17:44:12 IST" description="Runs Cucumber Scenarios" data-provider="scenarios" finished-at="2022-11-16T17:44:12 IST">
          <params>
            <param index="0">
              <value>
                <![CDATA["Successful login with valid credentials"]]>
              </value>
            </param>
            <param index="1">
              <value>
                <![CDATA["Optional[Flight Booking]"]]>
              </value>
            </param>
          </params>
          <reporter-output>
          </reporter-output>
        </test-method> <!-- runScenario -->
        <test-method status="PASS" signature="tearDownClass()[pri:0, instance:Testrunner.TestRun@12fc6eb]" name="tearDownClass" is-config="true" duration-ms="214" started-at="2022-11-16T17:44:12 IST" finished-at="2022-11-16T17:44:12 IST">
          <reporter-output>
          </reporter-output>
        </test-method> <!-- tearDownClass -->
      </class> <!-- Testrunner.TestRun -->
    </test> <!-- Default test -->
  </suite> <!-- Default suite -->
</testng-results>
