<?xml version="1.0" encoding="UTF-8"?>
<!-- Generated by org.testng.reporters.JUnitReportReporter -->
<testsuite skipped="0" hostname="LAPTOP-D8MOGBPP" name="Testrunner.TestRun" tests="8" failures="0" timestamp="2022-11-16T17:44:12 IST" time="0.391" errors="0">
  <testcase name="runScenario" time="0.259" classname="Testrunner.TestRun"/>
  <system-out/>
  <testcase name="runScenario" time="0.019" classname="Testrunner.TestRun"/>
  <system-out/>
  <testcase name="runScenario" time="0.018" classname="Testrunner.TestRun"/>
  <system-out/>
  <testcase name="runScenario" time="0.014" classname="Testrunner.TestRun"/>
  <system-out/>
  <testcase name="runScenario" time="0.030" classname="Testrunner.TestRun"/>
  <system-out/>
  <testcase name="runScenario" time="0.012" classname="Testrunner.TestRun"/>
  <system-out/>
  <testcase name="runScenario" time="0.017" classname="Testrunner.TestRun"/>
  <system-out/>
  <testcase name="runScenario" time="0.022" classname="Testrunner.TestRun"/>
  <system-out/>
</testsuite> <!-- Testrunner.TestRun -->
